\BOOKMARK [1][-]{section.1}{\376\377\175\322\212\326}{}% 1
\BOOKMARK [2][-]{subsection.1.1}{\376\377\170\024\172\166\122\325\152\137}{section.1}% 2
\BOOKMARK [2][-]{subsection.1.2}{\376\377\170\024\172\166\166\356\166\204}{section.1}% 3
\BOOKMARK [1][-]{section.2}{\376\377\145\207\163\173\126\336\230\147}{}% 4
\BOOKMARK [2][-]{subsection.2.1}{Elo}{section.2}% 5
\BOOKMARK [2][-]{subsection.2.2}{Glicko}{section.2}% 6
\BOOKMARK [1][-]{section.3}{\376\377\170\024\172\166\145\271\154\325}{}% 7
\BOOKMARK [2][-]{subsection.3.1}{Bradley-Terry\040Model}{section.3}% 8
\BOOKMARK [2][-]{subsection.3.2}{GenElo\040Surface\040Model}{section.3}% 9
\BOOKMARK [2][-]{subsection.3.3}{\376\377\131\032\175\104\122\045\131\032\175\104\124\341\116\113\153\324\214\375}{section.3}% 10
\BOOKMARK [2][-]{subsection.3.4}{\376\377\175\120\124\010\130\064\127\060\145\274\226\331\142\123\153\324\214\375}{section.3}% 11
\BOOKMARK [1][-]{section.4}{\376\377\214\307\145\231\116\313\175\071}{}% 12
\BOOKMARK [2][-]{subsection.4.1}{\376\377\000A\000T\000P\226\331\142\123\214\307\145\231\226\306}{section.4}% 13
\BOOKMARK [1][-]{section.5}{\376\377\122\006\147\220\175\120\147\234}{}% 14
\BOOKMARK [2][-]{subsection.5.1}{\376\377\123\303\145\170\212\055\133\232}{section.5}% 15
\BOOKMARK [2][-]{subsection.5.2}{\376\377\212\125\117\060\156\226\122\107}{section.5}% 16
\BOOKMARK [2][-]{subsection.5.3}{\376\377\152\041\127\213\230\020\156\054\175\120\147\234}{section.5}% 17
\BOOKMARK [3][-]{subsubsection.5.3.1}{\376\377\131\032\175\104\122\045\131\032\226\212\124\341\116\113\153\324\214\375}{subsection.5.3}% 18
\BOOKMARK [3][-]{subsubsection.5.3.2}{\376\377\175\120\124\010\130\064\127\060\145\274\226\331\142\123\153\324\214\375}{subsection.5.3}% 19
\BOOKMARK [3][-]{subsubsection.5.3.3}{\376\377\145\164\232\324}{subsection.5.3}% 20
\BOOKMARK [1][-]{section.6}{\376\377\175\120\212\326\202\007\136\372\213\160}{}% 21
